[2022-05-24 15:34:55]	link failed !, exit code: 1
  at unify_builder.Program.Main (System.String[] args) [0x01932] in <6d8c0f91f6d94a3cb9e4240f591355c3>:0 
---
Error: L6406E: No space in execution regions with .ANY selector matching stm32f1xx_hal_cortex.o(i.HAL_NVIC_EnableIRQ).
Error: L6406E: No space in execution regions with .ANY selector matching stm32f1xx_hal_rcc.o(i.HAL_RCC_GetPCLK1Freq).
Error: L6406E: No space in execution regions with .ANY selector matching stm32f1xx_hal_rcc.o(i.HAL_RCC_GetPCLK2Freq).
Error: L6406E: No space in execution regions with .ANY selector matching stm32f1xx_hal_uart.o(i.UART_EndRxTransfer).
Error: L6406E: No space in execution regions with .ANY selector matching stm32f1xx_hal_uart.o(i.UART_EndTransmit_IT).
Error: L6406E: No space in execution regions with .ANY selector matching mkdir_sample.o(.rodata.name).
Error: L6406E: No space in execution regions with .ANY selector matching dfs_posix.o(i.getcwd).
Error: L6406E: No space in execution regions with .ANY selector matching dfs_posix.o(i.unlink).
Error: L6406E: No space in execution regions with .ANY selector matching cmd.o(i.hello).
Error: L6406E: No space in execution regions with .ANY selector matching msh.o(i.str_common).
Error: L6406E: No space in execution regions with .ANY selector matching msh_file.o(i.cmd_ls).
Error: L6406E: No space in execution regions with .ANY selector matching scheduler.o(i.rt_enter_critical).
Error: L6406E: No space in execution regions with .ANY selector matching llushr.o(.text).
Error: L6406E: No space in execution regions with .ANY selector matching drv_gpio.o(i.bit2bitno).
Error: L6406E: No space in execution regions with .ANY selector matching strncmp.o(.text).
Error: L6406E: No space in execution regions with .ANY selector matching llshl.o(.text).
Error: L6406E: No space in execution regions with .ANY selector matching stm32f1xx_hal_gpio.o(i.HAL_GPIO_EXTI_IRQHandler).
Error: L6406E: No space in execution regions with .ANY selector matching cmd.o(i.object_split).
Error: L6406E: No space in execution regions with .ANY selector matching msh_file.o(i.cmd_pwd).
Error: L6406E: No space in execution regions with .ANY selector matching components.o(i.rt_components_board_init).
Error: L6406E: No space in execution regions with .ANY selector matching components.o(i.rt_components_init).
Error: L6406E: No space in execution regions with .ANY selector matching irq.o(i.rt_interrupt_get_nest).
Error: L6406E: No space in execution regions with .ANY selector matching kservice.o(i.rt_strcmp).
Error: L6406E: No space in execution regions with .ANY selector matching thread.o(i._thread_cleanup_execute).
Error: L6406E: No space in execution regions with .ANY selector matching timer.o(i._rt_timer_remove).
Error: L6406E: No space in execution regions with .ANY selector matching timer.o(i.rt_system_timer_init).
Error: L6406E: No space in execution regions with .ANY selector matching strcmp.o(.text).
Error: L6406E: No space in execution regions with .ANY selector matching drv_common.o(.rodata.name).
Error: L6406E: No space in execution regions with .ANY selector matching dfs_file.o(i._get_path_lastname).
Error: L6406E: No space in execution regions with .ANY selector matching memcmp.o(.text).
Error: L6406E: No space in execution regions with .ANY selector matching drv_usart.o(i.DMA1_Channel5_IRQHandler).
Error: L6406E: No space in execution regions with .ANY selector matching drv_usart.o(i.USART1_IRQHandler).
Error: L6406E: No space in execution regions with .ANY selector matching system_stm32f1xx.o(.constdata).
Error: L6406E: No space in execution regions with .ANY selector matching stm32f1xx_hal.o(i.HAL_IncTick).
Error: L6406E: No space in execution regions with .ANY selector matching ipc.o(i.rt_ipc_list_resume).
Error: L6406E: No space in execution regions with .ANY selector matching strcat.o(.text).
Error: L6406E: No space in execution regions with .ANY selector matching strncpy.o(.text).
Error: L6406E: No space in execution regions with .ANY selector matching idle.o(.constdata).
Error: L6406E: No space in execution regions with .ANY selector matching kservice.o(i.rt_vsprintf).
Error: L6406E: No space in execution regions with .ANY selector matching strrchr.o(.text).
Error: L6406E: No space in execution regions with .ANY selector matching drv_common.o(i.SysTick_Handler).
Error: L6406E: No space in execution regions with .ANY selector matching stm32f1xx_hal_uart.o(i.UART_DMAAbortOnError).
Error: L6406E: No space in execution regions with .ANY selector matching stm32f1xx_hal_uart.o(i.UART_EndTxTransfer).
Error: L6406E: No space in execution regions with .ANY selector matching spi_dev.o(i._spi_bus_device_control).
Error: L6406E: No space in execution regions with .ANY selector matching cmd.o(i.clear).
Error: L6406E: No space in execution regions with .ANY selector matching cmd.o(i.rt_list_len).
Error: L6406E: No space in execution regions with .ANY selector matching shell.o(i.finsh_system_function_init).
Error: L6406E: No space in execution regions with .ANY selector matching components.o(.constdata).
Error: L6406E: No space in execution regions with .ANY selector matching thread.o(i.rt_thread_mdelay).
Error: L6406E: No space in execution regions with .ANY selector matching drv_gpio.o(i.EXTI0_IRQHandler).
Error: L6406E: No space in execution regions with .ANY selector matching drv_gpio.o(i.EXTI1_IRQHandler).
Error: L6406E: No space in execution regions with .ANY selector matching drv_gpio.o(i.EXTI2_IRQHandler).
Error: L6406E: No space in execution regions with .ANY selector matching drv_gpio.o(i.EXTI3_IRQHandler).
Error: L6406E: No space in execution regions with .ANY selector matching drv_gpio.o(i.EXTI4_IRQHandler).
Error: L6406E: No space in execution regions with .ANY selector matching kservice.o(i.rt_strlen).
Error: L6406E: No space in execution regions with .ANY selector matching object.o(i.rt_list_remove).
Error: L6406E: No space in execution regions with .ANY selector matching thread.o(i.rt_list_remove).
Error: L6406E: No space in execution regions with .ANY selector matching timer.o(i.rt_list_remove).
Error: L6406E: No space in execution regions with .ANY selector matching strcpy.o(.text).
Error: L6406E: No space in execution regions with .ANY selector matching stm32f1xx_hal_cortex.o(i.__NVIC_GetPriorityGrouping).
Error: L6406E: No space in execution regions with .ANY selector matching stm32f1xx_hal_gpio.o(i.HAL_GPIO_ReadPin).
Error: L6406E: No space in execution regions with .ANY selector matching devfs.o(i.devfs_init).
Error: L6406E: No space in execution regions with .ANY selector matching dfs.o(i.dfs_unlock).
Error: L6406E: No space in execution regions with .ANY selector matching dfs_fs.o(i.mkfs).
Error: L6406E: No space in execution regions with .ANY selector matching completion.o(i.rt_list_isempty).
Error: L6406E: No space in execution regions with .ANY selector matching dataqueue.o(i.rt_list_isempty).
Error: L6406E: No space in execution regions with .ANY selector matching cmd.o(i.rt_list_isempty).
Error: L6406E: No space in execution regions with .ANY selector matching cpuport.o(.emb_text).
Error: L6406E: No space in execution regions with .ANY selector matching cpuport.o(i.rt_hw_cpu_reset).
Error: L6406E: No space in execution regions with .ANY selector matching ipc.o(i.rt_ipc_object_init).
Error: L6406E: No space in execution regions with .ANY selector matching ipc.o(i.rt_list_isempty).
Error: L6406E: No space in execution regions with .ANY selector matching timer.o(i.rt_list_isempty).
Error: L6406E: No space in execution regions with .ANY selector matching stm32f1xx_hal_spi.o(i.SPI_DMAHalfReceiveCplt).
Error: L6406E: No space in execution regions with .ANY selector matching stm32f1xx_hal_spi.o(i.SPI_DMAHalfTransmitCplt).
Error: L6406E: No space in execution regions with .ANY selector matching stm32f1xx_hal_spi.o(i.SPI_DMAHalfTransmitReceiveCplt).
Error: L6406E: No space in execution regions with .ANY selector matching stm32f1xx_hal_uart.o(i.UART_DMARxHalfCplt).
Error: L6406E: No space in execution regions with .ANY selector matching stm32f1xx_hal_uart.o(i.UART_DMATxHalfCplt).
Error: L6406E: No space in execution regions with .ANY selector matching dataqueue.o(i.rt_list_insert_before).
Error: L6406E: No space in execution regions with .ANY selector matching msh.o(i.cmd_free).
Error: L6406E: No space in execution regions with .ANY selector matching msh.o(i.cmd_ps).
Error: L6406E: No space in execution regions with .ANY selector matching msh.o(.constdata).
Error: L6406E: No space in execution regions with .ANY selector matching components.o(i.main_thread_entry).
Error: L6406E: No space in execution regions with .ANY selector matching device.o(i.rt_device_find).
Error: L6406E: No space in execution regions with .ANY selector matching ipc.o(i.rt_list_insert_before).
Error: L6406E: No space in execution regions with .ANY selector matching object.o(i.rt_list_insert_after).
Error: L6406E: No space in execution regions with .ANY selector matching thread.o(i.rt_list_insert_after).
Error: L6406E: No space in execution regions with .ANY selector matching timer.o(i.rt_list_insert_after).
Error: L6406E: No space in execution regions with .ANY selector matching strlen.o(.text).
Error: L6406E: No space in execution regions with .ANY selector matching drv_spi.o(.conststring).
Error: L6406E: No space in execution regions with .ANY selector matching drv_common.o(i.reboot).
Error: L6406E: No space in execution regions with .ANY selector matching drv_spi.o(i.rt_hw_spi_init).
Error: L6406E: No space in execution regions with .ANY selector matching stm32f1xx_hal_gpio.o(i.HAL_GPIO_WritePin).
Error: L6406E: No space in execution regions with .ANY selector matching stm32f1xx_hal_rcc.o(i.HAL_RCC_GetHCLKFreq).
Error: L6406E: No space in execution regions with .ANY selector matching serial.o(i.rt_dma_calc_recved_len).
Error: L6406E: No space in execution regions with .ANY selector matching clock.o(i.rt_tick_get).
Error: L6406E: No space in execution regions with .ANY selector matching kservice.o(i.rt_console_get_device).
Error: L6406E: No space in execution regions with .ANY selector matching thread.o(i.rt_thread_self).
Error: L6406E: No space in execution regions with .ANY selector matching dfs_fs.o(.conststring).
Error: L6406E: No space in execution regions with .ANY selector matching cmd.o(i.version).
Error: L6406E: No space in execution regions with .ANY selector matching components.o(i.$Sub$$main).
Error: L6406E: No space in execution regions with .ANY selector matching drv_common.o(i.HAL_GetTick).
Error: L6406E: No space in execution regions with .ANY selector matching stm32f1xx_hal_spi.o(i.HAL_SPI_GetState).
Error: L6406E: No space in execution regions with .ANY selector matching dfs.o(i.dfs_fdtable_get).
Error: L6406E: No space in execution regions with .ANY selector matching clock.o(i.rt_tick_get_millisecond).
Error: L6406E: No space in execution regions with .ANY selector matching drv_common.o(i.HAL_InitTick).
Error: L6406E: No space in execution regions with .ANY selector matching drv_usart.o(.conststring).
Error: L6406E: No space in execution regions with .ANY selector matching devfs.o(i.dfs_device_fs_mount).
Error: L6406E: No space in execution regions with .ANY selector matching devfs.o(i.dfs_device_fs_poll).
Error: L6406E: No space in execution regions with .ANY selector matching devfs.o(.conststring).
Error: L6406E: No space in execution regions with .ANY selector matching dataqueue.o(i.rt_list_init).
Error: L6406E: No space in execution regions with .ANY selector matching ipc.o(i.rt_list_init).
Error: L6406E: No space in execution regions with .ANY selector matching scheduler.o(i.rt_list_init).
Error: L6406E: No space in execution regions with .ANY selector matching timer.o(i.rt_list_init).
Error: L6406E: No space in execution regions with .ANY selector matching drv_common.o(i._Error_Handler).
Error: L6406E: No space in execution regions with .ANY selector matching drv_spi.o(.rti_fn.1).
Error: L6406E: No space in execution regions with .ANY selector matching dfs.o(.rti_fn.2).
Error: L6406E: No space in execution regions with .ANY selector matching msh.o(i.msh_is_used).
Error: L6406E: No space in execution regions with .ANY selector matching shell.o(.rti_fn.6).
Error: L6406E: No space in execution regions with .ANY selector matching components.o(i.rti_board_end).
Error: L6406E: No space in execution regions with .ANY selector matching components.o(i.rti_board_start).
Error: L6406E: No space in execution regions with .ANY selector matching components.o(i.rti_end).
Error: L6406E: No space in execution regions with .ANY selector matching components.o(i.rti_start).
Error: L6406E: No space in execution regions with .ANY selector matching components.o(.rti_fn.0).
Error: L6406E: No space in execution regions with .ANY selector matching components.o(.rti_fn.0.end).
Error: L6406E: No space in execution regions with .ANY selector matching components.o(.rti_fn.1.end).
Error: L6406E: No space in execution regions with .ANY selector matching components.o(.rti_fn.6.end).
Error: L6406E: No space in execution regions with .ANY selector matching drv_spi.o(i.stm32_get_dma_info).
Error: L6406E: No space in execution regions with .ANY selector matching stm32f1xx_hal_spi.o(i.HAL_SPI_ErrorCallback).
Error: L6406E: No space in execution regions with .ANY selector matching stm32f1xx_hal_spi.o(i.HAL_SPI_RxCpltCallback).
Error: L6406E: No space in execution regions with .ANY selector matching stm32f1xx_hal_spi.o(i.HAL_SPI_RxHalfCpltCallback).
Error: L6406E: No space in execution regions with .ANY selector matching stm32f1xx_hal_spi.o(i.HAL_SPI_TxCpltCallback).
Error: L6406E: No space in execution regions with .ANY selector matching stm32f1xx_hal_spi.o(i.HAL_SPI_TxHalfCpltCallback).
Error: L6406E: No space in execution regions with .ANY selector matching stm32f1xx_hal_spi.o(i.HAL_SPI_TxRxCpltCallback).
Error: L6406E: No space in execution regions with .ANY selector matching stm32f1xx_hal_spi.o(i.HAL_SPI_TxRxHalfCpltCallback).
Error: L6406E: No space in execution regions with .ANY selector matching stm32f1xx_hal_uart.o(i.HAL_UART_TxHalfCpltCallback).
Error: L6406E: No space in execution regions with .ANY selector matching kservice.o(i.rt_hw_console_output).
Error: L6406E: No space in execution regions with .ANY selector matching timer.o(i.rt_system_timer_thread_init).
Error: L6407E: Sections of aggregate size 0x920 bytes could not fit into .ANY selector(s).
Not enough information to list image symbols.
Not enough information to list the image map.
Finished: 2 information, 0 warning and 138 error messages.


[2022-05-24 15:35:48]	link failed !, exit code: 1
  at unify_builder.Program.Main (System.String[] args) [0x01932] in <6d8c0f91f6d94a3cb9e4240f591355c3>:0 
---
Error: L6406E: No space in execution regions with .ANY selector matching stm32f1xx_hal_cortex.o(i.HAL_NVIC_EnableIRQ).
Error: L6406E: No space in execution regions with .ANY selector matching stm32f1xx_hal_rcc.o(i.HAL_RCC_GetPCLK1Freq).
Error: L6406E: No space in execution regions with .ANY selector matching stm32f1xx_hal_rcc.o(i.HAL_RCC_GetPCLK2Freq).
Error: L6406E: No space in execution regions with .ANY selector matching stm32f1xx_hal_uart.o(i.UART_EndRxTransfer).
Error: L6406E: No space in execution regions with .ANY selector matching stm32f1xx_hal_uart.o(i.UART_EndTransmit_IT).
Error: L6406E: No space in execution regions with .ANY selector matching mkdir_sample.o(.rodata.name).
Error: L6406E: No space in execution regions with .ANY selector matching dfs_posix.o(i.getcwd).
Error: L6406E: No space in execution regions with .ANY selector matching dfs_posix.o(i.unlink).
Error: L6406E: No space in execution regions with .ANY selector matching cmd.o(i.hello).
Error: L6406E: No space in execution regions with .ANY selector matching msh.o(i.str_common).
Error: L6406E: No space in execution regions with .ANY selector matching msh_file.o(i.cmd_ls).
Error: L6406E: No space in execution regions with .ANY selector matching scheduler.o(i.rt_enter_critical).
Error: L6406E: No space in execution regions with .ANY selector matching llushr.o(.text).
Error: L6406E: No space in execution regions with .ANY selector matching drv_gpio.o(i.bit2bitno).
Error: L6406E: No space in execution regions with .ANY selector matching strncmp.o(.text).
Error: L6406E: No space in execution regions with .ANY selector matching llshl.o(.text).
Error: L6406E: No space in execution regions with .ANY selector matching stm32f1xx_hal_gpio.o(i.HAL_GPIO_EXTI_IRQHandler).
Error: L6406E: No space in execution regions with .ANY selector matching cmd.o(i.object_split).
Error: L6406E: No space in execution regions with .ANY selector matching msh_file.o(i.cmd_pwd).
Error: L6406E: No space in execution regions with .ANY selector matching components.o(i.rt_components_board_init).
Error: L6406E: No space in execution regions with .ANY selector matching components.o(i.rt_components_init).
Error: L6406E: No space in execution regions with .ANY selector matching irq.o(i.rt_interrupt_get_nest).
Error: L6406E: No space in execution regions with .ANY selector matching kservice.o(i.rt_strcmp).
Error: L6406E: No space in execution regions with .ANY selector matching thread.o(i._thread_cleanup_execute).
Error: L6406E: No space in execution regions with .ANY selector matching timer.o(i._rt_timer_remove).
Error: L6406E: No space in execution regions with .ANY selector matching timer.o(i.rt_system_timer_init).
Error: L6406E: No space in execution regions with .ANY selector matching strcmp.o(.text).
Error: L6406E: No space in execution regions with .ANY selector matching drv_common.o(.rodata.name).
Error: L6406E: No space in execution regions with .ANY selector matching dfs_file.o(i._get_path_lastname).
Error: L6406E: No space in execution regions with .ANY selector matching memcmp.o(.text).
Error: L6406E: No space in execution regions with .ANY selector matching drv_usart.o(i.DMA1_Channel5_IRQHandler).
Error: L6406E: No space in execution regions with .ANY selector matching drv_usart.o(i.USART1_IRQHandler).
Error: L6406E: No space in execution regions with .ANY selector matching system_stm32f1xx.o(.constdata).
Error: L6406E: No space in execution regions with .ANY selector matching stm32f1xx_hal.o(i.HAL_IncTick).
Error: L6406E: No space in execution regions with .ANY selector matching ipc.o(i.rt_ipc_list_resume).
Error: L6406E: No space in execution regions with .ANY selector matching strcat.o(.text).
Error: L6406E: No space in execution regions with .ANY selector matching strncpy.o(.text).
Error: L6406E: No space in execution regions with .ANY selector matching idle.o(.constdata).
Error: L6406E: No space in execution regions with .ANY selector matching kservice.o(i.rt_vsprintf).
Error: L6406E: No space in execution regions with .ANY selector matching strrchr.o(.text).
Error: L6406E: No space in execution regions with .ANY selector matching drv_common.o(i.SysTick_Handler).
Error: L6406E: No space in execution regions with .ANY selector matching stm32f1xx_hal_uart.o(i.UART_DMAAbortOnError).
Error: L6406E: No space in execution regions with .ANY selector matching stm32f1xx_hal_uart.o(i.UART_EndTxTransfer).
Error: L6406E: No space in execution regions with .ANY selector matching spi_dev.o(i._spi_bus_device_control).
Error: L6406E: No space in execution regions with .ANY selector matching cmd.o(i.clear).
Error: L6406E: No space in execution regions with .ANY selector matching cmd.o(i.rt_list_len).
Error: L6406E: No space in execution regions with .ANY selector matching shell.o(i.finsh_system_function_init).
Error: L6406E: No space in execution regions with .ANY selector matching components.o(.constdata).
Error: L6406E: No space in execution regions with .ANY selector matching thread.o(i.rt_thread_mdelay).
Error: L6406E: No space in execution regions with .ANY selector matching drv_gpio.o(i.EXTI0_IRQHandler).
Error: L6406E: No space in execution regions with .ANY selector matching drv_gpio.o(i.EXTI1_IRQHandler).
Error: L6406E: No space in execution regions with .ANY selector matching drv_gpio.o(i.EXTI2_IRQHandler).
Error: L6406E: No space in execution regions with .ANY selector matching drv_gpio.o(i.EXTI3_IRQHandler).
Error: L6406E: No space in execution regions with .ANY selector matching drv_gpio.o(i.EXTI4_IRQHandler).
Error: L6406E: No space in execution regions with .ANY selector matching kservice.o(i.rt_strlen).
Error: L6406E: No space in execution regions with .ANY selector matching object.o(i.rt_list_remove).
Error: L6406E: No space in execution regions with .ANY selector matching thread.o(i.rt_list_remove).
Error: L6406E: No space in execution regions with .ANY selector matching timer.o(i.rt_list_remove).
Error: L6406E: No space in execution regions with .ANY selector matching strcpy.o(.text).
Error: L6406E: No space in execution regions with .ANY selector matching stm32f1xx_hal_cortex.o(i.__NVIC_GetPriorityGrouping).
Error: L6406E: No space in execution regions with .ANY selector matching stm32f1xx_hal_gpio.o(i.HAL_GPIO_ReadPin).
Error: L6406E: No space in execution regions with .ANY selector matching devfs.o(i.devfs_init).
Error: L6406E: No space in execution regions with .ANY selector matching dfs.o(i.dfs_unlock).
Error: L6406E: No space in execution regions with .ANY selector matching dfs_fs.o(i.mkfs).
Error: L6406E: No space in execution regions with .ANY selector matching completion.o(i.rt_list_isempty).
Error: L6406E: No space in execution regions with .ANY selector matching dataqueue.o(i.rt_list_isempty).
Error: L6406E: No space in execution regions with .ANY selector matching cmd.o(i.rt_list_isempty).
Error: L6406E: No space in execution regions with .ANY selector matching cpuport.o(.emb_text).
Error: L6406E: No space in execution regions with .ANY selector matching cpuport.o(i.rt_hw_cpu_reset).
Error: L6406E: No space in execution regions with .ANY selector matching ipc.o(i.rt_ipc_object_init).
Error: L6406E: No space in execution regions with .ANY selector matching ipc.o(i.rt_list_isempty).
Error: L6406E: No space in execution regions with .ANY selector matching timer.o(i.rt_list_isempty).
Error: L6406E: No space in execution regions with .ANY selector matching stm32f1xx_hal_spi.o(i.SPI_DMAHalfReceiveCplt).
Error: L6406E: No space in execution regions with .ANY selector matching stm32f1xx_hal_spi.o(i.SPI_DMAHalfTransmitCplt).
Error: L6406E: No space in execution regions with .ANY selector matching stm32f1xx_hal_spi.o(i.SPI_DMAHalfTransmitReceiveCplt).
Error: L6406E: No space in execution regions with .ANY selector matching stm32f1xx_hal_uart.o(i.UART_DMARxHalfCplt).
Error: L6406E: No space in execution regions with .ANY selector matching stm32f1xx_hal_uart.o(i.UART_DMATxHalfCplt).
Error: L6406E: No space in execution regions with .ANY selector matching dataqueue.o(i.rt_list_insert_before).
Error: L6406E: No space in execution regions with .ANY selector matching msh.o(i.cmd_free).
Error: L6406E: No space in execution regions with .ANY selector matching msh.o(i.cmd_ps).
Error: L6406E: No space in execution regions with .ANY selector matching msh.o(.constdata).
Error: L6406E: No space in execution regions with .ANY selector matching components.o(i.main_thread_entry).
Error: L6406E: No space in execution regions with .ANY selector matching device.o(i.rt_device_find).
Error: L6406E: No space in execution regions with .ANY selector matching ipc.o(i.rt_list_insert_before).
Error: L6406E: No space in execution regions with .ANY selector matching object.o(i.rt_list_insert_after).
Error: L6406E: No space in execution regions with .ANY selector matching thread.o(i.rt_list_insert_after).
Error: L6406E: No space in execution regions with .ANY selector matching timer.o(i.rt_list_insert_after).
Error: L6406E: No space in execution regions with .ANY selector matching strlen.o(.text).
Error: L6406E: No space in execution regions with .ANY selector matching drv_spi.o(.conststring).
Error: L6406E: No space in execution regions with .ANY selector matching drv_common.o(i.reboot).
Error: L6406E: No space in execution regions with .ANY selector matching drv_spi.o(i.rt_hw_spi_init).
Error: L6406E: No space in execution regions with .ANY selector matching stm32f1xx_hal_gpio.o(i.HAL_GPIO_WritePin).
Error: L6406E: No space in execution regions with .ANY selector matching stm32f1xx_hal_rcc.o(i.HAL_RCC_GetHCLKFreq).
Error: L6406E: No space in execution regions with .ANY selector matching serial.o(i.rt_dma_calc_recved_len).
Error: L6406E: No space in execution regions with .ANY selector matching clock.o(i.rt_tick_get).
Error: L6406E: No space in execution regions with .ANY selector matching kservice.o(i.rt_console_get_device).
Error: L6406E: No space in execution regions with .ANY selector matching thread.o(i.rt_thread_self).
Error: L6406E: No space in execution regions with .ANY selector matching dfs_fs.o(.conststring).
Error: L6406E: No space in execution regions with .ANY selector matching cmd.o(i.version).
Error: L6406E: No space in execution regions with .ANY selector matching components.o(i.$Sub$$main).
Error: L6406E: No space in execution regions with .ANY selector matching drv_common.o(i.HAL_GetTick).
Error: L6406E: No space in execution regions with .ANY selector matching stm32f1xx_hal_spi.o(i.HAL_SPI_GetState).
Error: L6406E: No space in execution regions with .ANY selector matching dfs.o(i.dfs_fdtable_get).
Error: L6406E: No space in execution regions with .ANY selector matching clock.o(i.rt_tick_get_millisecond).
Error: L6406E: No space in execution regions with .ANY selector matching drv_common.o(i.HAL_InitTick).
Error: L6406E: No space in execution regions with .ANY selector matching drv_usart.o(.conststring).
Error: L6406E: No space in execution regions with .ANY selector matching devfs.o(i.dfs_device_fs_mount).
Error: L6406E: No space in execution regions with .ANY selector matching devfs.o(i.dfs_device_fs_poll).
Error: L6406E: No space in execution regions with .ANY selector matching devfs.o(.conststring).
Error: L6406E: No space in execution regions with .ANY selector matching dataqueue.o(i.rt_list_init).
Error: L6406E: No space in execution regions with .ANY selector matching ipc.o(i.rt_list_init).
Error: L6406E: No space in execution regions with .ANY selector matching scheduler.o(i.rt_list_init).
Error: L6406E: No space in execution regions with .ANY selector matching timer.o(i.rt_list_init).
Error: L6406E: No space in execution regions with .ANY selector matching drv_common.o(i._Error_Handler).
Error: L6406E: No space in execution regions with .ANY selector matching drv_spi.o(.rti_fn.1).
Error: L6406E: No space in execution regions with .ANY selector matching dfs.o(.rti_fn.2).
Error: L6406E: No space in execution regions with .ANY selector matching msh.o(i.msh_is_used).
Error: L6406E: No space in execution regions with .ANY selector matching shell.o(.rti_fn.6).
Error: L6406E: No space in execution regions with .ANY selector matching components.o(i.rti_board_end).
Error: L6406E: No space in execution regions with .ANY selector matching components.o(i.rti_board_start).
Error: L6406E: No space in execution regions with .ANY selector matching components.o(i.rti_end).
Error: L6406E: No space in execution regions with .ANY selector matching components.o(i.rti_start).
Error: L6406E: No space in execution regions with .ANY selector matching components.o(.rti_fn.0).
Error: L6406E: No space in execution regions with .ANY selector matching components.o(.rti_fn.0.end).
Error: L6406E: No space in execution regions with .ANY selector matching components.o(.rti_fn.1.end).
Error: L6406E: No space in execution regions with .ANY selector matching components.o(.rti_fn.6.end).
Error: L6406E: No space in execution regions with .ANY selector matching drv_spi.o(i.stm32_get_dma_info).
Error: L6406E: No space in execution regions with .ANY selector matching stm32f1xx_hal_spi.o(i.HAL_SPI_ErrorCallback).
Error: L6406E: No space in execution regions with .ANY selector matching stm32f1xx_hal_spi.o(i.HAL_SPI_RxCpltCallback).
Error: L6406E: No space in execution regions with .ANY selector matching stm32f1xx_hal_spi.o(i.HAL_SPI_RxHalfCpltCallback).
Error: L6406E: No space in execution regions with .ANY selector matching stm32f1xx_hal_spi.o(i.HAL_SPI_TxCpltCallback).
Error: L6406E: No space in execution regions with .ANY selector matching stm32f1xx_hal_spi.o(i.HAL_SPI_TxHalfCpltCallback).
Error: L6406E: No space in execution regions with .ANY selector matching stm32f1xx_hal_spi.o(i.HAL_SPI_TxRxCpltCallback).
Error: L6406E: No space in execution regions with .ANY selector matching stm32f1xx_hal_spi.o(i.HAL_SPI_TxRxHalfCpltCallback).
Error: L6406E: No space in execution regions with .ANY selector matching stm32f1xx_hal_uart.o(i.HAL_UART_TxHalfCpltCallback).
Error: L6406E: No space in execution regions with .ANY selector matching kservice.o(i.rt_hw_console_output).
Error: L6406E: No space in execution regions with .ANY selector matching timer.o(i.rt_system_timer_thread_init).
Error: L6407E: Sections of aggregate size 0x920 bytes could not fit into .ANY selector(s).
Not enough information to list image symbols.
Not enough information to list the image map.
Finished: 2 information, 0 warning and 138 error messages.


[2022-05-27 10:09:35]	[done]
	build successfully !

[2022-05-27 10:10:11]	[done]
	build successfully !

[2022-05-27 10:10:33]	[done]
	build successfully !

